-265	__189__,   119  ,   101  		0b11001100	0
-264	__56__,   119  ,   101  		0b10000101	0
-263	__57__,   119  ,   101  		0b00000001	0
-262	__63__,   119  ,   101  		0b00000110	0
-261	__180__,   119  ,   101  		0b10001011	0
-260	  180  , __168__,   101  		0b11011111	1
-259	  180  , __108__,   101  		0b11000100	0
-258	  180  ,   108  , __85__		0b00110000	1
-257	__40__,   108  ,   85  		0b10011100	1
-256	  40  , __178__,   85  		0b11011110	1
-255	  40  ,   178  , __135__		0b11010010	1
-254	  40  ,   178  , __135__		0b00000000	0
-253	__251__,   178  ,   135  		0b11010011	1
-252	  251  , __239__,   135  		0b01011101	1
-251	  251  ,   239  , __153__		0b00011110	1
-250	__136__,   239  ,   153  		0b01110011	1
-249	__43__,   239  ,   153  		0b10100011	0
-248	__237__,   239  ,   153  		0b11000110	0
-247	__164__,   239  ,   153  		0b01001001	0
-246	  164  , __87__,   153  		0b10111000	1
-245	  164  ,   87  , __76__		0b11010101	1
-244	  164  ,   87  , __161__		0b11101101	0
-243	__20__,   87  ,   161  		0b10110000	1
-242	  20  , __34__,   161  		0b01110101	1
-241	  20  , __167__,   161  		0b10000101	0
-240	  20  ,   167  , __24__		0b10111001	1
-239	__15__,   167  ,   24  		0b00011011	1
-238	  15  , __183__,   24  		0b00010000	1
-237	  15  , __148__,   24  		0b00100011	0
-236	  15  , __113__,   24  		0b11100101	0
-235	  15  ,   113  , __199__		0b11011111	1
-234	  15  ,   113  , __109__		0b10101010	0
-233	__123__,   113  ,   109  		0b01110100	1
-232	  123  , __109__,   109  		0b00011100	1
-231	  123  ,   109  , __182__		0b11011011	1
-230	__174__,   109  ,   182  		0b11010101	1
-229	__160__,   109  ,   182  		0b00001110	0
-228	__227__,   109  ,   182  		0b01000011	0
-227	__8__,   109  ,   182  		0b11101011	0
-226	__34__,   109  ,   182  		0b00101010	0
-225	__35__,   109  ,   182  		0b00000001	0
-224	__139__,   109  ,   182  		0b10101000	0
-223	__38__,   109  ,   182  		0b10101101	0
-222	__43__,   109  ,   182  		0b00001101	0
-221	  43  , __84__,   182  		0b00111001	1
-220	  43  ,   84  , __229__		0b01010011	1
-219	  43  ,   84  , __1__		0b11100100	0
-218	  43  ,   84  , __45__		0b00101100	0
-217	  43  ,   84  , __175__		0b10000010	0
-216	  43  ,   84  , __69__		0b11101010	0
-215	  43  ,   84  , __172__		0b11101001	0
-214	  43  ,   84  , __41__		0b10000101	0
-213	  43  ,   84  , __13__		0b00100100	0
-212	__209__,   84  ,   13  		0b11111010	1
-211	  209  , __10__,   13  		0b01011110	1
-210	  209  ,   10  , __57__		0b00110100	1
-209	  209  ,   10  , __48__		0b00001001	0
-208	  209  ,   10  , __27__		0b00101011	0
-207	  209  ,   10  , __123__		0b01100000	0
-206	__202__,   10  ,   123  		0b00011011	1
-205	__3__,   10  ,   123  		0b11001001	0
-204	__102__,   10  ,   123  		0b01100101	0
-203	  102  , __254__,   123  		0b11110100	1
-202	  102  ,   254  , __232__		0b10010011	1
-201	  102  ,   254  , __225__		0b00001001	0
-200	  102  ,   254  , __108__		0b10001101	0
-199	__186__,   254  ,   108  		0b11011100	1
-198	__120__,   254  ,   108  		0b11000010	0
-197	  120  , __68__,   108  		0b10111010	1
-196	  120  ,   68  , __53__		0b01011001	1
-195	__12__,   68  ,   53  		0b01110100	1
-194	__226__,   68  ,   53  		0b11101110	0
-193	  226  , __214__,   53  		0b10010010	1
-192	  226  ,   214  , __36__		0b00010001	1
-191	  226  ,   214  , __13__		0b00101001	0
-190	__29__,   214  ,   13  		0b11111111	1
-189	  29  , __128__,   13  		0b01010110	1
-188	  29  , __44__,   13  		0b10101100	0
-187	  29  ,   44  , __252__		0b11110001	1
-186	__75__,   44  ,   252  		0b01010110	1
-185	__233__,   44  ,   252  		0b10100010	0
-184	__9__,   44  ,   252  		0b11100000	0
-183	  9  , __254__,   252  		0b11010010	1
-182	  9  ,   254  , __195__		0b00111111	1
-181	  9  ,   254  , __206__		0b00001101	0
-180	  9  ,   254  , __229__		0b00101011	0
-179	  9  ,   254  , __1__		0b11100100	0
-178	__220__,   254  ,   1  		0b11010101	1
-177	  220  , __79__,   1  		0b10110001	1
-176	  220  , __0__,   1  		0b01001111	0
-175	  220  , __198__,   1  		0b11000110	0
-174	  220  , __98__,   1  		0b10100100	0
-173	  220  ,   98  , __120__		0b01111001	1
-172	__199__,   98  ,   120  		0b00011011	1
-171	  199  , __50__,   120  		0b01010000	1
-170	  199  , __240__,   120  		0b11000010	0
-169	  199  ,   240  , __207__		0b10110111	1
-168	__150__,   240  ,   207  		0b01010001	1
-167	__123__,   240  ,   207  		0b11101101	0
-166	  123  , __196__,   207  		0b00110100	1
-165	  123  ,   196  , __245__		0b00111010	1
-164	  123  ,   196  , __26__		0b11101111	0
-163	__38__,   196  ,   26  		0b01011101	1
-162	__133__,   196  ,   26  		0b10100011	0
-161	__109__,   196  ,   26  		0b11101000	0
-160	__162__,   196  ,   26  		0b11001111	0
-159	  162  , __91__,   26  		0b10011111	1
-158	  162  , __123__,   26  		0b00100000	0
-157	  162  , __148__,   26  		0b11101111	0
-156	  162  , __211__,   26  		0b01000111	0
-155	  162  , __87__,   26  		0b10000100	0
-154	  162  , __223__,   26  		0b10001000	0
-153	  162  ,   223  , __67__		0b01011001	1
-152	  162  ,   223  , __133__		0b11000110	0
-151	__144__,   223  ,   133  		0b00110010	1
-150	  144  , __199__,   133  		0b00011000	1
-149	  144  ,   199  , __27__		0b10011110	1
-148	__103__,   199  ,   27  		0b11110111	1
-147	__138__,   199  ,   27  		0b11101101	0
-146	  138  , __84__,   27  		0b10010011	1
-145	  138  ,   84  , __11__		0b00010000	1
-144	  138  ,   84  , __32__		0b00101011	0
-143	__115__,   84  ,   32  		0b11111001	1
-142	  115  , __1__,   32  		0b01010101	1
-141	  115  , __173__,   32  		0b10101100	0
-140	  115  ,   173  , __210__		0b11110010	1
-139	__160__,   173  ,   210  		0b11010011	1
-138	__15__,   173  ,   210  		0b10101111	0
-137	  15  , __217__,   210  		0b01110100	1
-136	  15  ,   217  , __75__		0b10011001	1
-135	__148__,   217  ,   75  		0b10011011	1
-134	  148  , __169__,   75  		0b01110000	1
-133	  148  , __10__,   75  		0b10100011	0
-132	  148  , __207__,   75  		0b11000101	0
-131	  148  , __128__,   75  		0b01001111	0
-130	  148  ,   128  , __249__		0b10110010	1
-129	__69__,   128  ,   249  		0b11010001	1
-128	__172__,   128  ,   249  		0b11101001	0
-127	  172  , __190__,   249  		0b00111110	1
-126	  172  ,   190  , __206__		0b00110111	1
-125	  172  ,   190  , __163__		0b01101101	0
-124	__191__,   190  ,   163  		0b00010011	1
-123	  191  , __110__,   163  		0b11010000	1
-122	  191  , __37__,   163  		0b01001011	0
-121	  191  , __12__,   163  		0b00101001	0
-120	  191  , __41__,   163  		0b00100101	0
-119	  191  ,   41  , __119__		0b11010100	1
-118	__76__,   41  ,   119  		0b11110011	1
-117	__229__,   41  ,   119  		0b10101001	0
-116	  229  , __116__,   119  		0b01011101	1
-115	  229  , __17__,   119  		0b01100101	0
-114	  229  , __113__,   119  		0b01100000	0
-113	  229  ,   113  , __34__		0b01010101	1
-112	__80__,   113  ,   34  		0b10110101	1
-111	__144__,   113  ,   34  		0b11000000	0
-110	  144  , __165__,   34  		0b11010100	1
-109	  144  ,   165  , __52__		0b00010110	1
-108	  144  ,   165  , __83__		0b01100111	0
-107	  144  ,   165  , __254__		0b10101101	0
-106	  144  ,   165  , __61__		0b11000011	0
-105	  144  ,   165  , __117__		0b01001000	0
-104	__46__,   165  ,   117  		0b10111110	1
-103	  46  , __115__,   117  		0b11010110	1
-102	  46  , __159__,   117  		0b11101100	0
-101	  46  ,   159  , __196__		0b10110001	1
-100	__89__,   159  ,   196  		0b01110111	1
-99	__219__,   159  ,   196  		0b10000010	0
-98	  219  , __46__,   196  		0b10110001	1
-97	  219  ,   46  , __221__		0b00011001	1
-96	__68__,   46  ,   221  		0b10011111	1
-95	  68  , __216__,   221  		0b11110110	1
-94	  68  , __180__,   221  		0b01101100	0
-93	  68  ,   180  , __141__		0b01010000	1
-92	__113__,   180  ,   141  		0b00110101	1
-91	__244__,   180  ,   141  		0b10000101	0
-90	  244  , __76__,   141  		0b11111000	1
-89	  244  ,   76  , __116__		0b11111001	1
-88	  244  ,   76  , __114__		0b00000110	0
-87	__135__,   76  ,   114  		0b01110011	1
-86	  135  , __247__,   114  		0b10111011	1
-85	  135  , __29__,   114  		0b11101010	0
-84	  135  ,   29  , __34__		0b01010000	1
-83	__52__,   29  ,   34  		0b10110011	1
-82	__249__,   29  ,   34  		0b11001101	0
-81	__191__,   29  ,   34  		0b01000110	0
-80	__153__,   29  ,   34  		0b00100110	0
-79	  153  , __32__,   34  		0b00111101	1
-78	  153  ,   32  , __216__		0b11111010	1
-77	  153  ,   32  , __31__		0b11000111	0
-76	__136__,   32  ,   31  		0b00010001	1
-75	  136  , __93__,   31  		0b01111101	1
-74	  136  , __240__,   31  		0b10101101	0
-73	  136  ,   240  , __199__		0b11011000	1
-72	  136  ,   240  , __38__		0b11100001	0
-71	  136  ,   240  , __12__		0b00101010	0
-70	  136  ,   240  , __7__		0b00001011	0
-69	__187__,   240  ,   7  		0b00110011	1
-68	  187  , __38__,   7  		0b11010110	1
-67	  187  , __199__,   7  		0b11100001	0
-66	  187  , __227__,   7  		0b00100100	0
-65	  187  ,   227  , __24__		0b00011111	1
-64	  187  ,   227  , __19__		0b00001011	0
-63	  187  ,   227  , __149__		0b10000110	0
-62	  187  ,   227  , __85__		0b11000000	0
-61	  187  ,   227  , __51__		0b01100110	0
-60	__65__,   227  ,   51  		0b11111010	1
-59	  65  , __254__,   51  		0b00011101	1
-58	  65  ,   254  , __229__		0b11010110	1
-57	  65  ,   254  , __170__		0b01001111	0
-56	  65  ,   254  , __11__		0b10100001	0
-55	__189__,   254  ,   11  		0b11111100	1
-54	  189  , __161__,   11  		0b01011111	1
-53	  189  ,   161  , __184__		0b10110011	1
-52	  189  ,   161  , __122__		0b11000010	0
-51	__104__,   161  ,   122  		0b11010101	1
-50	  104  , __183__,   122  		0b00010110	1
-49	  104  , __209__,   122  		0b01100110	0
-48	  104  , __124__,   122  		0b10101101	0
-47	  104  , __190__,   122  		0b11000010	0
-46	  104  , __117__,   122  		0b11001011	0
-45	  104  ,   117  , __65__		0b00111011	1
-44	__122__,   117  ,   65  		0b00010010	1
-43	__126__,   117  ,   65  		0b00000100	0
-42	  126  , __105__,   65  		0b00011100	1
-41	  126  , __67__,   65  		0b00101010	0
-40	  126  ,   67  , __55__		0b01110110	1
-39	__230__,   67  ,   55  		0b10011000	1
-38	  230  , __217__,   55  		0b10011010	1
-37	  230  ,   217  , __68__		0b01110011	1
-36	  230  ,   217  , __99__		0b00100111	0
-35	  230  ,   217  , __235__		0b10001000	0
-34	__28__,   217  ,   235  		0b11111010	1
-33	  28  , __171__,   235  		0b01110010	1
-32	  28  , __111__,   235  		0b11000100	0
-31	  28  ,   111  , __247__		0b00011100	1
-30	  28  ,   111  , __156__		0b01101011	0
-29	__41__,   111  ,   156  		0b00110101	1
-28	  41  , __80__,   156  		0b00111111	1
-27	  41  , __186__,   156  		0b11101010	0
-26	  41  ,   186  , __72__		0b11010100	1
-25	__20__,   186  ,   72  		0b00111101	1
-24	__29__,   186  ,   72  		0b00001001	0
-23	__62__,   186  ,   72  		0b00100011	0
-22	  62  , __70__,   72  		0b11111100	1
-21	  62  ,   70  , __149__		0b11011101	1
-20	__142__,   70  ,   149  		0b10110000	1
-19	__202__,   70  ,   149  		0b01000100	0
-18	  202  , __25__,   149  		0b01011111	1
-17	  202  , __146__,   149  		0b10001011	0
-16	  202  , __20__,   149  		0b10000110	0
-15	  202  , __85__,   149  		0b01000001	0
-14	  202  , __48__,   149  		0b01100101	0
-13	  202  ,   48  , __233__		0b01111100	1
-12	__145__,   48  ,   233  		0b01011011	1
-11	  145  , __133__,   233  		0b10110101	1
-10	  145  , __75__,   233  		0b11001110	0
-9	  145  , __8__,   233  		0b01000011	0
-8	  145  , __35__,   233  		0b00101011	0
-7	  145  , __137__,   233  		0b10101010	0
-6	  145  , __8__,   233  		0b10000001	0
-5	  145  , __97__,   233  		0b01101001	0
-4	  145  , __79__,   233  		0b00101110	0
-3	  145  , __64__,   233  		0b00001111	0
-2	  145  ,   64  , __208__		0b00111001	1
-1	__192__,   64  ,   208  		0b01010001	1
0	__35__,   64  ,   208  		0b11100011	0
1	__135__,   64  ,   208  		0b10100100	0



mhead: 0	delta mhead: 0
mhead: 0	delta mhead: 0
mhead: 0	delta mhead: 0
mhead: 0	delta mhead: 0
mhead: 0	delta mhead: 0
mhead: 1	delta mhead: 1
mhead: 1	delta mhead: 0
mhead: 2	delta mhead: 1
mhead: 0	delta mhead: 1
mhead: 1	delta mhead: 1
mhead: 2	delta mhead: 1
mhead: 2	delta mhead: 0
mhead: 0	delta mhead: 1
mhead: 1	delta mhead: 1
mhead: 2	delta mhead: 1
mhead: 0	delta mhead: 1
mhead: 0	delta mhead: 0
mhead: 0	delta mhead: 0
mhead: 0	delta mhead: 0
mhead: 1	delta mhead: 1
mhead: 2	delta mhead: 1
mhead: 2	delta mhead: 0
mhead: 0	delta mhead: 1
mhead: 1	delta mhead: 1
mhead: 1	delta mhead: 0
mhead: 2	delta mhead: 1
mhead: 0	delta mhead: 1
mhead: 1	delta mhead: 1
mhead: 1	delta mhead: 0
mhead: 1	delta mhead: 0
mhead: 2	delta mhead: 1
mhead: 2	delta mhead: 0
mhead: 0	delta mhead: 1
mhead: 1	delta mhead: 1
mhead: 2	delta mhead: 1
mhead: 0	delta mhead: 1
mhead: 0	delta mhead: 0
mhead: 0	delta mhead: 0
mhead: 0	delta mhead: 0
mhead: 0	delta mhead: 0
mhead: 0	delta mhead: 0
mhead: 0	delta mhead: 0
mhead: 0	delta mhead: 0
mhead: 0	delta mhead: 0
mhead: 1	delta mhead: 1
mhead: 2	delta mhead: 1
mhead: 2	delta mhead: 0
mhead: 2	delta mhead: 0
mhead: 2	delta mhead: 0
mhead: 2	delta mhead: 0
mhead: 2	delta mhead: 0
mhead: 2	delta mhead: 0
mhead: 2	delta mhead: 0
mhead: 0	delta mhead: 1
mhead: 1	delta mhead: 1
mhead: 2	delta mhead: 1
mhead: 2	delta mhead: 0
mhead: 2	delta mhead: 0
mhead: 2	delta mhead: 0
mhead: 0	delta mhead: 1
mhead: 0	delta mhead: 0
mhead: 0	delta mhead: 0
mhead: 1	delta mhead: 1
mhead: 2	delta mhead: 1
mhead: 2	delta mhead: 0
mhead: 2	delta mhead: 0
mhead: 0	delta mhead: 1
mhead: 0	delta mhead: 0
mhead: 1	delta mhead: 1
mhead: 2	delta mhead: 1
mhead: 0	delta mhead: 1
mhead: 0	delta mhead: 0
mhead: 1	delta mhead: 1
mhead: 2	delta mhead: 1
mhead: 2	delta mhead: 0
mhead: 0	delta mhead: 1
mhead: 1	delta mhead: 1
mhead: 1	delta mhead: 0
mhead: 2	delta mhead: 1
mhead: 0	delta mhead: 1
mhead: 0	delta mhead: 0
mhead: 0	delta mhead: 0
mhead: 1	delta mhead: 1
mhead: 2	delta mhead: 1
mhead: 2	delta mhead: 0
mhead: 2	delta mhead: 0
mhead: 2	delta mhead: 0
mhead: 0	delta mhead: 1
mhead: 1	delta mhead: 1
mhead: 1	delta mhead: 0
mhead: 1	delta mhead: 0
mhead: 1	delta mhead: 0
mhead: 2	delta mhead: 1
mhead: 0	delta mhead: 1
mhead: 1	delta mhead: 1
mhead: 1	delta mhead: 0
mhead: 2	delta mhead: 1
mhead: 0	delta mhead: 1
mhead: 0	delta mhead: 0
mhead: 1	delta mhead: 1
mhead: 2	delta mhead: 1
mhead: 2	delta mhead: 0
mhead: 0	delta mhead: 1
mhead: 0	delta mhead: 0
mhead: 0	delta mhead: 0
mhead: 0	delta mhead: 0
mhead: 1	delta mhead: 1
mhead: 1	delta mhead: 0
mhead: 1	delta mhead: 0
mhead: 1	delta mhead: 0
mhead: 1	delta mhead: 0
mhead: 1	delta mhead: 0
mhead: 2	delta mhead: 1
mhead: 2	delta mhead: 0
mhead: 0	delta mhead: 1
mhead: 1	delta mhead: 1
mhead: 2	delta mhead: 1
mhead: 0	delta mhead: 1
mhead: 0	delta mhead: 0
mhead: 1	delta mhead: 1
mhead: 2	delta mhead: 1
mhead: 2	delta mhead: 0
mhead: 0	delta mhead: 1
mhead: 1	delta mhead: 1
mhead: 1	delta mhead: 0
mhead: 2	delta mhead: 1
mhead: 0	delta mhead: 1
mhead: 0	delta mhead: 0
mhead: 1	delta mhead: 1
mhead: 2	delta mhead: 1
mhead: 0	delta mhead: 1
mhead: 1	delta mhead: 1
mhead: 1	delta mhead: 0
mhead: 1	delta mhead: 0
mhead: 1	delta mhead: 0
mhead: 2	delta mhead: 1
mhead: 0	delta mhead: 1
mhead: 0	delta mhead: 0
mhead: 1	delta mhead: 1
mhead: 2	delta mhead: 1
mhead: 2	delta mhead: 0
mhead: 0	delta mhead: 1
mhead: 1	delta mhead: 1
mhead: 1	delta mhead: 0
mhead: 1	delta mhead: 0
mhead: 1	delta mhead: 0
mhead: 2	delta mhead: 1
mhead: 0	delta mhead: 1
mhead: 0	delta mhead: 0
mhead: 1	delta mhead: 1
mhead: 1	delta mhead: 0
mhead: 1	delta mhead: 0
mhead: 2	delta mhead: 1
mhead: 0	delta mhead: 1
mhead: 0	delta mhead: 0
mhead: 1	delta mhead: 1
mhead: 2	delta mhead: 1
mhead: 2	delta mhead: 0
mhead: 2	delta mhead: 0
mhead: 2	delta mhead: 0
mhead: 2	delta mhead: 0
mhead: 0	delta mhead: 1
mhead: 1	delta mhead: 1
mhead: 1	delta mhead: 0
mhead: 2	delta mhead: 1
mhead: 0	delta mhead: 1
mhead: 0	delta mhead: 0
mhead: 1	delta mhead: 1
mhead: 2	delta mhead: 1
mhead: 0	delta mhead: 1
mhead: 1	delta mhead: 1
mhead: 1	delta mhead: 0
mhead: 2	delta mhead: 1
mhead: 0	delta mhead: 1
mhead: 0	delta mhead: 0
mhead: 1	delta mhead: 1
mhead: 2	delta mhead: 1
mhead: 2	delta mhead: 0
mhead: 0	delta mhead: 1
mhead: 1	delta mhead: 1
mhead: 1	delta mhead: 0
mhead: 2	delta mhead: 1
mhead: 0	delta mhead: 1
mhead: 0	delta mhead: 0
mhead: 0	delta mhead: 0
mhead: 0	delta mhead: 0
mhead: 1	delta mhead: 1
mhead: 2	delta mhead: 1
mhead: 2	delta mhead: 0
mhead: 0	delta mhead: 1
mhead: 1	delta mhead: 1
mhead: 1	delta mhead: 0
mhead: 2	delta mhead: 1
mhead: 2	delta mhead: 0
mhead: 2	delta mhead: 0
mhead: 2	delta mhead: 0
mhead: 0	delta mhead: 1
mhead: 1	delta mhead: 1
mhead: 1	delta mhead: 0
mhead: 1	delta mhead: 0
mhead: 2	delta mhead: 1
mhead: 2	delta mhead: 0
mhead: 2	delta mhead: 0
mhead: 2	delta mhead: 0
mhead: 2	delta mhead: 0
mhead: 0	delta mhead: 1
mhead: 1	delta mhead: 1
mhead: 2	delta mhead: 1
mhead: 2	delta mhead: 0
mhead: 2	delta mhead: 0
mhead: 0	delta mhead: 1
mhead: 1	delta mhead: 1
mhead: 2	delta mhead: 1
mhead: 2	delta mhead: 0
mhead: 0	delta mhead: 1
mhead: 1	delta mhead: 1
mhead: 1	delta mhead: 0
mhead: 1	delta mhead: 0
mhead: 1	delta mhead: 0
mhead: 1	delta mhead: 0
mhead: 2	delta mhead: 1
mhead: 0	delta mhead: 1
mhead: 0	delta mhead: 0
mhead: 1	delta mhead: 1
mhead: 1	delta mhead: 0
mhead: 2	delta mhead: 1
mhead: 0	delta mhead: 1
mhead: 1	delta mhead: 1
mhead: 2	delta mhead: 1
mhead: 2	delta mhead: 0
mhead: 2	delta mhead: 0
mhead: 0	delta mhead: 1
mhead: 1	delta mhead: 1
mhead: 1	delta mhead: 0
mhead: 2	delta mhead: 1
mhead: 2	delta mhead: 0
mhead: 0	delta mhead: 1
mhead: 1	delta mhead: 1
mhead: 1	delta mhead: 0
mhead: 2	delta mhead: 1
mhead: 0	delta mhead: 1
mhead: 0	delta mhead: 0
mhead: 0	delta mhead: 0
mhead: 1	delta mhead: 1
mhead: 2	delta mhead: 1
mhead: 0	delta mhead: 1
mhead: 0	delta mhead: 0
mhead: 1	delta mhead: 1
mhead: 1	delta mhead: 0
mhead: 1	delta mhead: 0
mhead: 1	delta mhead: 0
mhead: 1	delta mhead: 0
mhead: 2	delta mhead: 1
mhead: 0	delta mhead: 1
mhead: 1	delta mhead: 1
mhead: 1	delta mhead: 0
mhead: 1	delta mhead: 0
mhead: 1	delta mhead: 0
mhead: 1	delta mhead: 0
mhead: 1	delta mhead: 0
mhead: 1	delta mhead: 0
mhead: 1	delta mhead: 0
mhead: 1	delta mhead: 0
mhead: 2	delta mhead: 1
mhead: 0	delta mhead: 1
mhead: 0	delta mhead: 0
mhead: 0	delta mhead: 0



d	-266	__35__,   64  ,   208  		0b10100100	0
d	-266	__192__,   64  ,   208  		0b11100011	0
-265	  145  ,   64  ,   208  		0b01010001	1
-264	  145  , __64__,   233  		0b00111001	1
-263	  145  , __79__,   233  		0b00001111	0
-262	  145  , __97__,   233  		0b00101110	0
-261	  145  , __8__,   233  		0b01101001	0
-260	  145  , __137__,   233  		0b10000001	0
-259	  145  , __35__,   233  		0b10101010	0
-258	  145  , __8__,   233  		0b00101011	0
-257	  145  , __75__,   233  		0b01000011	0
-256	  145  , __133__,   233  		0b11001110	0
-255	__145__,   48  ,   233  		0b10110101	1
-254	  202  ,   48  ,   233  		0b01011011	1
-253	  202  , __48__,   149  		0b01111100	1
-252	  202  , __85__,   149  		0b01100101	0
-251	  202  , __20__,   149  		0b01000001	0
-250	  202  , __146__,   149  		0b10000110	0
-249	  202  , __25__,   149  		0b10001011	0
-248	__202__,   70  ,   149  		0b01011111	1
-247	__142__,   70  ,   149  		0b01000100	0
-246	  62  ,   70  ,   149  		0b10110000	1
-245	  62  , __70__,   72  		0b11011101	1
-244	__62__,   186  ,   72  		0b11111100	1
-243	__29__,   186  ,   72  		0b00100011	0
-242	__20__,   186  ,   72  		0b00001001	0
-241	  41  ,   186  ,   72  		0b00111101	1
-240	  41  , __186__,   156  		0b11010100	1
-239	  41  , __80__,   156  		0b11101010	0
-238	__41__,   111  ,   156  		0b00111111	1
-237	  28  ,   111  ,   156  		0b00110101	1
-236	  28  ,   111  ,   247  		0b01101011	0
-235	  28  , __111__,   235  		0b00011100	1
-234	  28  , __171__,   235  		0b11000100	0
-233	__28__,   217  ,   235  		0b01110010	1
-232	  230  ,   217  ,   235  		0b11111010	1
-231	  230  ,   217  ,   99  		0b10001000	0
-230	  230  ,   217  ,   68  		0b00100111	0
-229	  230  , __217__,   55  		0b01110011	1
-228	__230__,   67  ,   55  		0b10011010	1
-227	  126  ,   67  ,   55  		0b10011000	1
-226	  126  , __67__,   65  		0b01110110	1
-225	  126  , __105__,   65  		0b00101010	0
-224	__126__,   117  ,   65  		0b00011100	1
-223	__122__,   117  ,   65  		0b00000100	0
-222	  104  ,   117  ,   65  		0b00010010	1
-221	  104  , __117__,   122  		0b00111011	1
-220	  104  , __190__,   122  		0b11001011	0
-219	  104  , __124__,   122  		0b11000010	0
-218	  104  , __209__,   122  		0b10101101	0
-217	  104  , __183__,   122  		0b01100110	0
-216	__104__,   161  ,   122  		0b00010110	1
-215	  189  ,   161  ,   122  		0b11010101	1
-214	  189  ,   161  ,   184  		0b11000010	0
-213	  189  , __161__,   11  		0b10110011	1
-212	__189__,   254  ,   11  		0b01011111	1
-211	  65  ,   254  ,   11  		0b11111100	1
-210	  65  ,   254  ,   170  		0b10100001	0
-209	  65  ,   254  ,   229  		0b01001111	0
-208	  65  , __254__,   51  		0b11010110	1
-207	__65__,   227  ,   51  		0b00011101	1
-206	  187  ,   227  ,   51  		0b11111010	1
-205	  187  ,   227  ,   85  		0b01100110	0
-204	  187  ,   227  ,   149  		0b11000000	0
-203	  187  ,   227  ,   19  		0b10000110	0
-202	  187  ,   227  ,   24  		0b00001011	0
-201	  187  , __227__,   7  		0b00011111	1
-200	  187  , __199__,   7  		0b00100100	0
-199	  187  , __38__,   7  		0b11100001	0
-198	__187__,   240  ,   7  		0b11010110	1
-197	  136  ,   240  ,   7  		0b00110011	1
-196	  136  ,   240  ,   12  		0b00001011	0
-195	  136  ,   240  ,   38  		0b00101010	0
-194	  136  ,   240  ,   199  		0b11100001	0
-193	  136  , __240__,   31  		0b11011000	1
-192	  136  , __93__,   31  		0b10101101	0
-191	__136__,   32  ,   31  		0b01111101	1
-190	  153  ,   32  ,   31  		0b00010001	1
-189	  153  ,   32  ,   216  		0b11000111	0
-188	  153  , __32__,   34  		0b11111010	1
-187	__153__,   29  ,   34  		0b00111101	1
-186	__191__,   29  ,   34  		0b00100110	0
-185	__249__,   29  ,   34  		0b01000110	0
-184	__52__,   29  ,   34  		0b11001101	0
-183	  135  ,   29  ,   34  		0b10110011	1
-182	  135  , __29__,   114  		0b01010000	1
-181	  135  , __247__,   114  		0b11101010	0
-180	__135__,   76  ,   114  		0b10111011	1
-179	  244  ,   76  ,   114  		0b01110011	1
-178	  244  ,   76  ,   116  		0b00000110	0
-177	  244  , __76__,   141  		0b11111001	1
-176	__244__,   180  ,   141  		0b11111000	1
-175	__113__,   180  ,   141  		0b10000101	0
-174	  68  ,   180  ,   141  		0b00110101	1
-173	  68  , __180__,   221  		0b01010000	1
-172	  68  , __216__,   221  		0b01101100	0
-171	__68__,   46  ,   221  		0b11110110	1
-170	  219  ,   46  ,   221  		0b10011111	1
-169	  219  , __46__,   196  		0b00011001	1
-168	__219__,   159  ,   196  		0b10110001	1
-167	__89__,   159  ,   196  		0b10000010	0
-166	  46  ,   159  ,   196  		0b01110111	1
-165	  46  , __159__,   117  		0b10110001	1
-164	  46  , __115__,   117  		0b11101100	0
-163	__46__,   165  ,   117  		0b11010110	1
-162	  144  ,   165  ,   117  		0b10111110	1
-161	  144  ,   165  ,   61  		0b01001000	0
-160	  144  ,   165  ,   254  		0b11000011	0
-159	  144  ,   165  ,   83  		0b10101101	0
-158	  144  ,   165  ,   52  		0b01100111	0
-157	  144  , __165__,   34  		0b00010110	1
-156	__144__,   113  ,   34  		0b11010100	1
-155	__80__,   113  ,   34  		0b11000000	0
-154	  229  ,   113  ,   34  		0b10110101	1
-153	  229  , __113__,   119  		0b01010101	1
-152	  229  , __17__,   119  		0b01100000	0
-151	  229  , __116__,   119  		0b01100101	0
-150	__229__,   41  ,   119  		0b01011101	1
-149	__76__,   41  ,   119  		0b10101001	0
-148	  191  ,   41  ,   119  		0b11110011	1
-147	  191  , __41__,   163  		0b11010100	1
-146	  191  , __12__,   163  		0b00100101	0
-145	  191  , __37__,   163  		0b00101001	0
-144	  191  , __110__,   163  		0b01001011	0
-143	__191__,   190  ,   163  		0b11010000	1
-142	  172  ,   190  ,   163  		0b00010011	1
-141	  172  ,   190  ,   206  		0b01101101	0
-140	  172  , __190__,   249  		0b00110111	1
-139	__172__,   128  ,   249  		0b00111110	1
-138	__69__,   128  ,   249  		0b11101001	0
-137	  148  ,   128  ,   249  		0b11010001	1
-136	  148  , __128__,   75  		0b10110010	1
-135	  148  , __207__,   75  		0b01001111	0
-134	  148  , __10__,   75  		0b11000101	0
-133	  148  , __169__,   75  		0b10100011	0
-132	__148__,   217  ,   75  		0b01110000	1
-131	  15  ,   217  ,   75  		0b10011011	1
-130	  15  , __217__,   210  		0b10011001	1
-129	__15__,   173  ,   210  		0b01110100	1
-128	__160__,   173  ,   210  		0b10101111	0
-127	  115  ,   173  ,   210  		0b11010011	1
-126	  115  , __173__,   32  		0b11110010	1
-125	  115  , __1__,   32  		0b10101100	0
-124	__115__,   84  ,   32  		0b01010101	1
-123	  138  ,   84  ,   32  		0b11111001	1
-122	  138  ,   84  ,   11  		0b00101011	0
-121	  138  , __84__,   27  		0b00010000	1
-120	__138__,   199  ,   27  		0b10010011	1
-119	__103__,   199  ,   27  		0b11101101	0
-118	  144  ,   199  ,   27  		0b11110111	1
-117	  144  , __199__,   133  		0b10011110	1
-116	__144__,   223  ,   133  		0b00011000	1
-115	  162  ,   223  ,   133  		0b00110010	1
-114	  162  ,   223  ,   67  		0b11000110	0
-113	  162  , __223__,   26  		0b01011001	1
-112	  162  , __87__,   26  		0b10001000	0
-111	  162  , __211__,   26  		0b10000100	0
-110	  162  , __148__,   26  		0b01000111	0
-109	  162  , __123__,   26  		0b11101111	0
-108	  162  , __91__,   26  		0b00100000	0
-107	__162__,   196  ,   26  		0b10011111	1
-106	__109__,   196  ,   26  		0b11001111	0
-105	__133__,   196  ,   26  		0b11101000	0
-104	__38__,   196  ,   26  		0b10100011	0
-103	  123  ,   196  ,   26  		0b01011101	1
-102	  123  ,   196  ,   245  		0b11101111	0
-101	  123  , __196__,   207  		0b00111010	1
-100	__123__,   240  ,   207  		0b00110100	1
-99	__150__,   240  ,   207  		0b11101101	0
-98	  199  ,   240  ,   207  		0b01010001	1
-97	  199  , __240__,   120  		0b10110111	1
-96	  199  , __50__,   120  		0b11000010	0
-95	__199__,   98  ,   120  		0b01010000	1
-94	  220  ,   98  ,   120  		0b00011011	1
-93	  220  , __98__,   1  		0b01111001	1
-92	  220  , __198__,   1  		0b10100100	0
-91	  220  , __0__,   1  		0b11000110	0
-90	  220  , __79__,   1  		0b01001111	0
-89	__220__,   254  ,   1  		0b10110001	1
-88	  9  ,   254  ,   1  		0b11010101	1
-87	  9  ,   254  ,   229  		0b11100100	0
-86	  9  ,   254  ,   206  		0b00101011	0
-85	  9  ,   254  ,   195  		0b00001101	0
-84	  9  , __254__,   252  		0b00111111	1
-83	__9__,   44  ,   252  		0b11010010	1
-82	__233__,   44  ,   252  		0b11100000	0
-81	__75__,   44  ,   252  		0b10100010	0
-80	  29  ,   44  ,   252  		0b01010110	1
-79	  29  , __44__,   13  		0b11110001	1
-78	  29  , __128__,   13  		0b10101100	0
-77	__29__,   214  ,   13  		0b01010110	1
-76	  226  ,   214  ,   13  		0b11111111	1
-75	  226  ,   214  ,   36  		0b00101001	0
-74	  226  , __214__,   53  		0b00010001	1
-73	__226__,   68  ,   53  		0b10010010	1
-72	__12__,   68  ,   53  		0b11101110	0
-71	  120  ,   68  ,   53  		0b01110100	1
-70	  120  , __68__,   108  		0b01011001	1
-69	__120__,   254  ,   108  		0b10111010	1
-68	__186__,   254  ,   108  		0b11000010	0
-67	  102  ,   254  ,   108  		0b11011100	1
-66	  102  ,   254  ,   225  		0b10001101	0
-65	  102  ,   254  ,   232  		0b00001001	0
-64	  102  , __254__,   123  		0b10010011	1
-63	__102__,   10  ,   123  		0b11110100	1
-62	__3__,   10  ,   123  		0b01100101	0
-61	__202__,   10  ,   123  		0b11001001	0
-60	  209  ,   10  ,   123  		0b00011011	1
-59	  209  ,   10  ,   27  		0b01100000	0
-58	  209  ,   10  ,   48  		0b00101011	0
-57	  209  ,   10  ,   57  		0b00001001	0
-56	  209  , __10__,   13  		0b00110100	1
-55	__209__,   84  ,   13  		0b01011110	1
-54	  43  ,   84  ,   13  		0b11111010	1
-53	  43  ,   84  ,   41  		0b00100100	0
-52	  43  ,   84  ,   172  		0b10000101	0
-51	  43  ,   84  ,   69  		0b11101001	0
-50	  43  ,   84  ,   175  		0b11101010	0
-49	  43  ,   84  ,   45  		0b10000010	0
-48	  43  ,   84  ,   1  		0b00101100	0
-47	  43  ,   84  ,   229  		0b11100100	0
-46	  43  , __84__,   182  		0b01010011	1
-45	__43__,   109  ,   182  		0b00111001	1
-44	__38__,   109  ,   182  		0b00001101	0
-43	__139__,   109  ,   182  		0b10101101	0
-42	__35__,   109  ,   182  		0b10101000	0
-41	__34__,   109  ,   182  		0b00000001	0
-40	__8__,   109  ,   182  		0b00101010	0
-39	__227__,   109  ,   182  		0b11101011	0
-38	__160__,   109  ,   182  		0b01000011	0
-37	__174__,   109  ,   182  		0b00001110	0
-36	  123  ,   109  ,   182  		0b11010101	1
-35	  123  , __109__,   109  		0b11011011	1
-34	__123__,   113  ,   109  		0b00011100	1
-33	  15  ,   113  ,   109  		0b01110100	1
-32	  15  ,   113  ,   199  		0b10101010	0
-31	  15  , __113__,   24  		0b11011111	1
-30	  15  , __148__,   24  		0b11100101	0
-29	  15  , __183__,   24  		0b00100011	0
-28	__15__,   167  ,   24  		0b00010000	1
-27	  20  ,   167  ,   24  		0b00011011	1
-26	  20  , __167__,   161  		0b10111001	1
-25	  20  , __34__,   161  		0b10000101	0
-24	__20__,   87  ,   161  		0b01110101	1
-23	  164  ,   87  ,   161  		0b10110000	1
-22	  164  ,   87  ,   76  		0b11101101	0
-21	  164  , __87__,   153  		0b11010101	1
-20	__164__,   239  ,   153  		0b10111000	1
-19	__237__,   239  ,   153  		0b01001001	0
-18	__43__,   239  ,   153  		0b11000110	0
-17	__136__,   239  ,   153  		0b10100011	0
-16	  251  ,   239  ,   153  		0b01110011	1
-15	  251  , __239__,   135  		0b00011110	1
-14	__251__,   178  ,   135  		0b01011101	1
-13	  40  ,   178  ,   135  		0b11010011	1
-12	  40  ,   178  ,   135  		0b00000000	0
-11	  40  , __178__,   85  		0b11010010	1
-10	__40__,   108  ,   85  		0b11011110	1
-9	  180  ,   108  ,   85  		0b10011100	1
-8	  180  , __108__,   101  		0b00110000	1
-7	  180  , __168__,   101  		0b11000100	0
-6	__180__,   119  ,   101  		0b11011111	1
-5	__63__,   119  ,   101  		0b10001011	0
-4	__57__,   119  ,   101  		0b00000110	0
-3	__56__,   119  ,   101  		0b00000001	0
-2	__189__,   119  ,   101  		0b10000101	0
-1	__113__,   119  ,   101  		0b11001100	0
0	  3  ,   119  ,   101  		0b01110010	1
1	  3  , __119__,   23  		0b01110010	1
